<?xml version="1.0" encoding="UTF-8"?>
<robot generator="Robot 4.1.2 (Python 3.10.0 on win32)" generated="20211109 17:03:29.069" rpa="false" schemaversion="2">
<suite id="s1" name="Tests" source="D:\UIAutomation\Tests">
<suite id="s1-s1" name="EndToEndScenario" source="D:\UIAutomation\Tests\EndToEndScenario.robot">
<kw name="Open Browser with Login Page" library="LoginResources" type="SETUP">
<kw name="Set Selenium Implicit Wait" library="SeleniumLibrary">
<var>${orig_wait}</var>
<arg>5 seconds</arg>
<doc>Sets the implicit wait value used by Selenium.</doc>
<msg timestamp="20211109 17:03:29.364" level="INFO">${orig_wait} = 0 seconds</msg>
<status status="PASS" starttime="20211109 17:03:29.364" endtime="20211109 17:03:29.364"/>
</kw>
<kw name="Open Login Page" library="LoginPage.LoginPage">
<msg timestamp="20211109 17:03:29.364" level="INFO">open_login_page (self = &lt;LoginPage.LoginPage object at 0x000002682DED2F80&gt; )</msg>
<msg timestamp="20211109 17:03:29.364" level="INFO">Opening browser [gc] with URL [https://www.saucedemo.com/]</msg>
<msg timestamp="20211109 17:03:29.364" level="INFO">Opening browser 'gc' to base url 'https://www.saucedemo.com/'.</msg>
<status status="PASS" starttime="20211109 17:03:29.364" endtime="20211109 17:03:31.391"/>
</kw>
<kw name="Maximize Browser Window" library="SeleniumLibrary">
<doc>Maximizes current browser window.</doc>
<status status="PASS" starttime="20211109 17:03:31.391" endtime="20211109 17:03:31.511"/>
</kw>
<status status="PASS" starttime="20211109 17:03:29.364" endtime="20211109 17:03:31.512"/>
</kw>
<test id="s1-s1-t1" name="End to End flow for application">
<kw name="Login with &quot;${username}&quot; username and &quot;${password}&quot; password and verify successful login" sourcename="Login with &quot;${username}&quot; username and &quot;${password}&quot; password and verify successful login">
<kw name="User with name &quot;${username}&quot; and password &quot;${password}&quot; tries to log in into application" library="LoginResources" sourcename="User with name &quot;${uname}&quot; and password &quot;${pwd}&quot; tries to log in into application">
<kw name="Login" library="LoginPage.LoginPage">
<arg>${uname}</arg>
<arg>${pwd}</arg>
<msg timestamp="20211109 17:03:31.519" level="INFO">login (self = &lt;LoginPage.LoginPage object at 0x000002682DED20B0&gt;, username = 'standard_user', password = 'secret_sauce' )</msg>
<msg timestamp="20211109 17:03:31.775" level="INFO">Current page URL: https://www.saucedemo.com/</msg>
<msg timestamp="20211109 17:03:31.821" level="INFO">Typing text 'standard_user' into text field 'css:[data-test='username']'.</msg>
<msg timestamp="20211109 17:03:31.913" level="INFO">Typing password into text field 'css:[data-test='password']'.</msg>
<msg timestamp="20211109 17:03:31.947" level="INFO">Temporally setting log level to: NONE</msg>
<msg timestamp="20211109 17:03:32.014" level="INFO">Log level changed from NONE to INFO.</msg>
<msg timestamp="20211109 17:03:32.015" level="INFO">Clicking element 'css:[data-test='login-button']'.</msg>
<status status="PASS" starttime="20211109 17:03:31.517" endtime="20211109 17:03:32.127"/>
</kw>
<status status="PASS" starttime="20211109 17:03:31.516" endtime="20211109 17:03:32.127"/>
</kw>
<kw name="Verify user logged in successfully" library="LoginResources">
<kw name="Verify Login" library="LoginPage.LoginPage">
<msg timestamp="20211109 17:03:32.128" level="INFO">verify_login (self = &lt;LoginPage.LoginPage object at 0x000002682DED20B0&gt;, success = True, exp_error = '' )</msg>
<msg timestamp="20211109 17:03:32.128" level="INFO">Verifying successful user login</msg>
<msg timestamp="20211109 17:03:32.216" level="INFO">Header: Actual: PRODUCTS, Expected: PRODUCTS</msg>
<msg timestamp="20211109 17:03:32.216" level="INFO">User logged in successfully</msg>
<status status="PASS" starttime="20211109 17:03:32.127" endtime="20211109 17:03:32.216"/>
</kw>
<status status="PASS" starttime="20211109 17:03:32.127" endtime="20211109 17:03:32.216"/>
</kw>
<status status="PASS" starttime="20211109 17:03:31.513" endtime="20211109 17:03:32.216"/>
</kw>
<kw name="Verify item &quot;${backpack}&quot; is listed on inventory page" library="InventoryResources" sourcename="Verify item &quot;${item}&quot; is listed on inventory page">
<kw name="Check Item Listing" library="InventoryPage.InventoryPage">
<arg>${item}</arg>
<msg timestamp="20211109 17:03:32.219" level="INFO">check_item_listing (self = &lt;InventoryPage.InventoryPage object at 0x000002682DED1960&gt;, item = {'name': 'Sauce Labs Backpack', 'locator': 'sauce-labs-backpack', 'description': 'carry.allTheThings() with the sleek, streamlined Sly Pack that melds uncompromising style with unequaled laptop and tablet protection.', 'price': 29.99} )</msg>
<msg timestamp="20211109 17:03:32.230" level="INFO">Current browser location: https://www.saucedemo.com/inventory.html</msg>
<msg timestamp="20211109 17:03:32.230" level="INFO">User is already on inventory page</msg>
<msg timestamp="20211109 17:03:32.230" level="INFO">Selector with placeholder: css=button[data-test='add-to-cart-{placeholder}'], value: sauce-labs-backpack</msg>
<msg timestamp="20211109 17:03:32.230" level="INFO">Resolved Selector: css=button[data-test='add-to-cart-sauce-labs-backpack']</msg>
<msg timestamp="20211109 17:03:32.397" level="INFO">Element 'css=button[data-test='add-to-cart-sauce-labs-backpack']' is displayed.</msg>
<msg timestamp="20211109 17:03:32.397" level="INFO">Add to Cart Button for item is available, hence proceeding ahead with further verification</msg>
<msg timestamp="20211109 17:03:32.397" level="INFO">Selector with placeholder: xpath=//button[@data-test='add-to-cart-{placeholder}']/ancestor::div[@class='inventory_item_description']//div[@class='inventory_item_name'], value: sauce-labs-backpack</msg>
<msg timestamp="20211109 17:03:32.398" level="INFO">Resolved Selector: xpath=//button[@data-test='add-to-cart-sauce-labs-backpack']/ancestor::div[@class='inventory_item_description']//div[@class='inventory_item_name']</msg>
<msg timestamp="20211109 17:03:32.575" level="INFO">Selector with placeholder: xpath=//button[@data-test='add-to-cart-{placeholder}']/ancestor::div[@class='inventory_item_description']//div[@class='inventory_item_desc'], value: sauce-labs-backpack</msg>
<msg timestamp="20211109 17:03:32.575" level="INFO">Resolved Selector: xpath=//button[@data-test='add-to-cart-sauce-labs-backpack']/ancestor::div[@class='inventory_item_description']//div[@class='inventory_item_desc']</msg>
<msg timestamp="20211109 17:03:32.604" level="INFO">Selector with placeholder: xpath=//button[@data-test='add-to-cart-{placeholder}']/preceding-sibling::div, value: sauce-labs-backpack</msg>
<msg timestamp="20211109 17:03:32.605" level="INFO">Resolved Selector: xpath=//button[@data-test='add-to-cart-sauce-labs-backpack']/preceding-sibling::div</msg>
<msg timestamp="20211109 17:03:32.636" level="INFO">Item Name: Actual: Sauce Labs Backpack, Expected: Sauce Labs Backpack</msg>
<msg timestamp="20211109 17:03:32.636" level="INFO">Item Description: Actual: carry.allTheThings() with the sleek, streamlined Sly Pack that melds uncompromising style with unequaled laptop and tablet protection., Expected: carry.allTheThings() with the sleek, streamlined Sly Pack that melds uncompromising style with unequaled laptop and tablet protection.</msg>
<msg timestamp="20211109 17:03:32.636" level="INFO">Item Price: Actual: $29.99, Expected: $29.99</msg>
<status status="PASS" starttime="20211109 17:03:32.217" endtime="20211109 17:03:32.636"/>
</kw>
<status status="PASS" starttime="20211109 17:03:32.216" endtime="20211109 17:03:32.636"/>
</kw>
<kw name="Add item &quot;${backpack}&quot; to cart" library="InventoryResources" sourcename="Add item &quot;${item}&quot; to cart">
<kw name="Add Item To Cart" library="InventoryPage.InventoryPage">
<arg>${item}</arg>
<msg timestamp="20211109 17:03:32.639" level="INFO">add_item_to_cart (self = &lt;InventoryPage.InventoryPage object at 0x000002682DED1960&gt;, item = {'name': 'Sauce Labs Backpack', 'locator': 'sauce-labs-backpack', 'description': 'carry.allTheThings() with the sleek, streamlined Sly Pack that melds uncompromising style with unequaled laptop and tablet protection.', 'price': 29.99} )</msg>
<msg timestamp="20211109 17:03:32.641" level="INFO">Current browser location: https://www.saucedemo.com/inventory.html</msg>
<msg timestamp="20211109 17:03:32.642" level="INFO">User is already on inventory page</msg>
<msg timestamp="20211109 17:03:32.642" level="INFO">Selector with placeholder: css=button[data-test='add-to-cart-{placeholder}'], value: sauce-labs-backpack</msg>
<msg timestamp="20211109 17:03:32.642" level="INFO">Resolved Selector: css=button[data-test='add-to-cart-sauce-labs-backpack']</msg>
<msg timestamp="20211109 17:03:32.642" level="INFO">Clicking button 'css=button[data-test='add-to-cart-sauce-labs-backpack']'.</msg>
<msg timestamp="20211109 17:03:32.742" level="INFO">Selector with placeholder: css=button[data-test='remove-{placeholder}'], value: sauce-labs-backpack</msg>
<msg timestamp="20211109 17:03:32.742" level="INFO">Resolved Selector: css=button[data-test='remove-sauce-labs-backpack']</msg>
<msg timestamp="20211109 17:03:32.782" level="INFO">Element 'css=button[data-test='remove-sauce-labs-backpack']' is displayed.</msg>
<status status="PASS" starttime="20211109 17:03:32.638" endtime="20211109 17:03:32.782"/>
</kw>
<status status="PASS" starttime="20211109 17:03:32.637" endtime="20211109 17:03:32.783"/>
</kw>
<kw name="Navigate to cart page" library="CartResources">
<kw name="Go To Cart Page" library="CartPage.CartPage">
<doc>This method navigates user to cart page if not already on cart page</doc>
<msg timestamp="20211109 17:03:32.800" level="INFO">Current browser location: https://www.saucedemo.com/inventory.html</msg>
<msg timestamp="20211109 17:03:32.800" level="INFO">Navigating to cart page by clicking cart link</msg>
<msg timestamp="20211109 17:03:32.800" level="INFO">Clicking element 'css=.shopping_cart_link'.</msg>
<status status="PASS" starttime="20211109 17:03:32.784" endtime="20211109 17:03:32.871"/>
</kw>
<status status="PASS" starttime="20211109 17:03:32.783" endtime="20211109 17:03:32.872"/>
</kw>
<kw name="Verify item &quot;${backpack}&quot; with quantity &quot;1&quot; exists in cart" library="CartResources" sourcename="Verify item &quot;${item}&quot; with quantity &quot;${quantity}&quot; exists in cart">
<kw name="Verify Item In Cart" library="CartPage.CartPage">
<arg>${item}</arg>
<arg>quantity=${quantity}</arg>
<msg timestamp="20211109 17:03:32.875" level="INFO">verify_item_in_cart (self = &lt;CartPage.CartPage object at 0x000002682DED09A0&gt;, item = {'name': 'Sauce Labs Backpack', 'locator': 'sauce-labs-backpack', 'description': 'carry.allTheThings() with the sleek, streamlined Sly Pack that melds uncompromising style with unequaled laptop and tablet protection.', 'price': 29.99}, quantity = '1', item_displayed = True )</msg>
<msg timestamp="20211109 17:03:32.876" level="INFO">Verifying item Sauce Labs Backpack should be displayed on cart page</msg>
<msg timestamp="20211109 17:03:32.876" level="INFO">Selector with placeholder: css=[data-test='remove-{placeholder}'], value: sauce-labs-backpack</msg>
<msg timestamp="20211109 17:03:32.876" level="INFO">Resolved Selector: css=[data-test='remove-sauce-labs-backpack']</msg>
<msg timestamp="20211109 17:03:32.917" level="INFO">Element 'css=[data-test='remove-sauce-labs-backpack']' is displayed.</msg>
<msg timestamp="20211109 17:03:32.917" level="INFO">Remove Button for item is available, hence proceeding ahead with further verification</msg>
<msg timestamp="20211109 17:03:32.917" level="INFO">Selector with placeholder: xpath=//button[@data-test='remove-{placeholder}']/ancestor::div[@class='cart_item']//div[@class='inventory_item_name'], value: sauce-labs-backpack</msg>
<msg timestamp="20211109 17:03:32.917" level="INFO">Resolved Selector: xpath=//button[@data-test='remove-sauce-labs-backpack']/ancestor::div[@class='cart_item']//div[@class='inventory_item_name']</msg>
<msg timestamp="20211109 17:03:32.964" level="INFO">Selector with placeholder: xpath=//button[@data-test='remove-{placeholder}']/ancestor::div[@class='cart_item']//div[@class='inventory_item_desc'], value: sauce-labs-backpack</msg>
<msg timestamp="20211109 17:03:32.964" level="INFO">Resolved Selector: xpath=//button[@data-test='remove-sauce-labs-backpack']/ancestor::div[@class='cart_item']//div[@class='inventory_item_desc']</msg>
<msg timestamp="20211109 17:03:33.012" level="INFO">Selector with placeholder: xpath=//button[@data-test='remove-{placeholder}']/ancestor::div[@class='cart_item']//div[@class='inventory_item_price'], value: sauce-labs-backpack</msg>
<msg timestamp="20211109 17:03:33.012" level="INFO">Resolved Selector: xpath=//button[@data-test='remove-sauce-labs-backpack']/ancestor::div[@class='cart_item']//div[@class='inventory_item_price']</msg>
<msg timestamp="20211109 17:03:33.034" level="INFO">Selector with placeholder: xpath=//button[@data-test='remove-{placeholder}']/ancestor::div[@class='cart_item']/div[@class='cart_quantity'], value: sauce-labs-backpack</msg>
<msg timestamp="20211109 17:03:33.034" level="INFO">Resolved Selector: xpath=//button[@data-test='remove-sauce-labs-backpack']/ancestor::div[@class='cart_item']/div[@class='cart_quantity']</msg>
<msg timestamp="20211109 17:03:33.071" level="INFO">Item Name: Actual: Sauce Labs Backpack, Expected: Sauce Labs Backpack</msg>
<msg timestamp="20211109 17:03:33.071" level="INFO">Item Description: Actual: carry.allTheThings() with the sleek, streamlined Sly Pack that melds uncompromising style with unequaled laptop and tablet protection., Expected: carry.allTheThings() with the sleek, streamlined Sly Pack that melds uncompromising style with unequaled laptop and tablet protection.</msg>
<msg timestamp="20211109 17:03:33.071" level="INFO">Item Price: Actual: $29.99, Expected: $29.99</msg>
<msg timestamp="20211109 17:03:33.071" level="INFO">Item Quantity: Actual: 1, Expected: 1</msg>
<status status="PASS" starttime="20211109 17:03:32.875" endtime="20211109 17:03:33.071"/>
</kw>
<status status="PASS" starttime="20211109 17:03:32.873" endtime="20211109 17:03:33.071"/>
</kw>
<kw name="User logs out from an application" library="LoginResources">
<kw name="Logout" library="LoginPage.LoginPage">
<doc>This method does logout from an application</doc>
<msg timestamp="20211109 17:03:33.075" level="INFO">Current browser location: https://www.saucedemo.com/cart.html</msg>
<msg timestamp="20211109 17:03:33.075" level="INFO">User is logged in. Logging out...</msg>
<msg timestamp="20211109 17:03:33.075" level="INFO">Clicking element 'css=#react-burger-menu-btn'.</msg>
<msg timestamp="20211109 17:03:33.396" level="INFO">Clicking link 'css=#logout_sidebar_link'.</msg>
<status status="PASS" starttime="20211109 17:03:33.072" endtime="20211109 17:03:33.459"/>
</kw>
<status status="PASS" starttime="20211109 17:03:33.071" endtime="20211109 17:03:33.460"/>
</kw>
<kw name="Login with &quot;${username}&quot; username and &quot;${password}&quot; password and verify successful login" sourcename="Login with &quot;${username}&quot; username and &quot;${password}&quot; password and verify successful login">
<kw name="User with name &quot;${username}&quot; and password &quot;${password}&quot; tries to log in into application" library="LoginResources" sourcename="User with name &quot;${uname}&quot; and password &quot;${pwd}&quot; tries to log in into application">
<kw name="Login" library="LoginPage.LoginPage">
<arg>${uname}</arg>
<arg>${pwd}</arg>
<msg timestamp="20211109 17:03:33.461" level="INFO">login (self = &lt;LoginPage.LoginPage object at 0x000002682DED20B0&gt;, username = 'standard_user', password = 'secret_sauce' )</msg>
<msg timestamp="20211109 17:03:33.505" level="INFO">Current page URL: https://www.saucedemo.com/</msg>
<msg timestamp="20211109 17:03:33.523" level="INFO">Typing text 'standard_user' into text field 'css:[data-test='username']'.</msg>
<msg timestamp="20211109 17:03:33.594" level="INFO">Typing password into text field 'css:[data-test='password']'.</msg>
<msg timestamp="20211109 17:03:33.620" level="INFO">Temporally setting log level to: NONE</msg>
<msg timestamp="20211109 17:03:33.660" level="INFO">Log level changed from NONE to INFO.</msg>
<msg timestamp="20211109 17:03:33.660" level="INFO">Clicking element 'css:[data-test='login-button']'.</msg>
<status status="PASS" starttime="20211109 17:03:33.460" endtime="20211109 17:03:33.733"/>
</kw>
<status status="PASS" starttime="20211109 17:03:33.460" endtime="20211109 17:03:33.733"/>
</kw>
<kw name="Verify user logged in successfully" library="LoginResources">
<kw name="Verify Login" library="LoginPage.LoginPage">
<msg timestamp="20211109 17:03:33.736" level="INFO">verify_login (self = &lt;LoginPage.LoginPage object at 0x000002682DED20B0&gt;, success = True, exp_error = '' )</msg>
<msg timestamp="20211109 17:03:33.736" level="INFO">Verifying successful user login</msg>
<msg timestamp="20211109 17:03:33.915" level="INFO">Header: Actual: PRODUCTS, Expected: PRODUCTS</msg>
<msg timestamp="20211109 17:03:33.915" level="INFO">User logged in successfully</msg>
<status status="PASS" starttime="20211109 17:03:33.736" endtime="20211109 17:03:33.915"/>
</kw>
<status status="PASS" starttime="20211109 17:03:33.734" endtime="20211109 17:03:33.916"/>
</kw>
<status status="PASS" starttime="20211109 17:03:33.460" endtime="20211109 17:03:33.917"/>
</kw>
<kw name="Navigate to cart page" library="CartResources">
<kw name="Go To Cart Page" library="CartPage.CartPage">
<doc>This method navigates user to cart page if not already on cart page</doc>
<msg timestamp="20211109 17:03:33.925" level="INFO">Current browser location: https://www.saucedemo.com/inventory.html</msg>
<msg timestamp="20211109 17:03:33.925" level="INFO">Navigating to cart page by clicking cart link</msg>
<msg timestamp="20211109 17:03:33.925" level="INFO">Clicking element 'css=.shopping_cart_link'.</msg>
<status status="PASS" starttime="20211109 17:03:33.921" endtime="20211109 17:03:33.992"/>
</kw>
<status status="PASS" starttime="20211109 17:03:33.918" endtime="20211109 17:03:33.992"/>
</kw>
<kw name="Verify item &quot;${backpack}&quot; with quantity &quot;1&quot; exists in cart" library="CartResources" sourcename="Verify item &quot;${item}&quot; with quantity &quot;${quantity}&quot; exists in cart">
<kw name="Verify Item In Cart" library="CartPage.CartPage">
<arg>${item}</arg>
<arg>quantity=${quantity}</arg>
<msg timestamp="20211109 17:03:33.993" level="INFO">verify_item_in_cart (self = &lt;CartPage.CartPage object at 0x000002682DED09A0&gt;, item = {'name': 'Sauce Labs Backpack', 'locator': 'sauce-labs-backpack', 'description': 'carry.allTheThings() with the sleek, streamlined Sly Pack that melds uncompromising style with unequaled laptop and tablet protection.', 'price': 29.99}, quantity = '1', item_displayed = True )</msg>
<msg timestamp="20211109 17:03:33.993" level="INFO">Verifying item Sauce Labs Backpack should be displayed on cart page</msg>
<msg timestamp="20211109 17:03:33.993" level="INFO">Selector with placeholder: css=[data-test='remove-{placeholder}'], value: sauce-labs-backpack</msg>
<msg timestamp="20211109 17:03:33.993" level="INFO">Resolved Selector: css=[data-test='remove-sauce-labs-backpack']</msg>
<msg timestamp="20211109 17:03:34.014" level="INFO">Element 'css=[data-test='remove-sauce-labs-backpack']' is displayed.</msg>
<msg timestamp="20211109 17:03:34.014" level="INFO">Remove Button for item is available, hence proceeding ahead with further verification</msg>
<msg timestamp="20211109 17:03:34.014" level="INFO">Selector with placeholder: xpath=//button[@data-test='remove-{placeholder}']/ancestor::div[@class='cart_item']//div[@class='inventory_item_name'], value: sauce-labs-backpack</msg>
<msg timestamp="20211109 17:03:34.014" level="INFO">Resolved Selector: xpath=//button[@data-test='remove-sauce-labs-backpack']/ancestor::div[@class='cart_item']//div[@class='inventory_item_name']</msg>
<msg timestamp="20211109 17:03:34.042" level="INFO">Selector with placeholder: xpath=//button[@data-test='remove-{placeholder}']/ancestor::div[@class='cart_item']//div[@class='inventory_item_desc'], value: sauce-labs-backpack</msg>
<msg timestamp="20211109 17:03:34.042" level="INFO">Resolved Selector: xpath=//button[@data-test='remove-sauce-labs-backpack']/ancestor::div[@class='cart_item']//div[@class='inventory_item_desc']</msg>
<msg timestamp="20211109 17:03:34.065" level="INFO">Selector with placeholder: xpath=//button[@data-test='remove-{placeholder}']/ancestor::div[@class='cart_item']//div[@class='inventory_item_price'], value: sauce-labs-backpack</msg>
<msg timestamp="20211109 17:03:34.065" level="INFO">Resolved Selector: xpath=//button[@data-test='remove-sauce-labs-backpack']/ancestor::div[@class='cart_item']//div[@class='inventory_item_price']</msg>
<msg timestamp="20211109 17:03:34.084" level="INFO">Selector with placeholder: xpath=//button[@data-test='remove-{placeholder}']/ancestor::div[@class='cart_item']/div[@class='cart_quantity'], value: sauce-labs-backpack</msg>
<msg timestamp="20211109 17:03:34.085" level="INFO">Resolved Selector: xpath=//button[@data-test='remove-sauce-labs-backpack']/ancestor::div[@class='cart_item']/div[@class='cart_quantity']</msg>
<msg timestamp="20211109 17:03:34.110" level="INFO">Item Name: Actual: Sauce Labs Backpack, Expected: Sauce Labs Backpack</msg>
<msg timestamp="20211109 17:03:34.110" level="INFO">Item Description: Actual: carry.allTheThings() with the sleek, streamlined Sly Pack that melds uncompromising style with unequaled laptop and tablet protection., Expected: carry.allTheThings() with the sleek, streamlined Sly Pack that melds uncompromising style with unequaled laptop and tablet protection.</msg>
<msg timestamp="20211109 17:03:34.110" level="INFO">Item Price: Actual: $29.99, Expected: $29.99</msg>
<msg timestamp="20211109 17:03:34.110" level="INFO">Item Quantity: Actual: 1, Expected: 1</msg>
<status status="PASS" starttime="20211109 17:03:33.993" endtime="20211109 17:03:34.110"/>
</kw>
<status status="PASS" starttime="20211109 17:03:33.992" endtime="20211109 17:03:34.110"/>
</kw>
<kw name="Remove item &quot;${backpack}&quot; from cart" library="CartResources" sourcename="Remove item &quot;${item}&quot; from cart">
<kw name="Remove Item From Cart" library="CartPage.CartPage">
<arg>${item}</arg>
<msg timestamp="20211109 17:03:34.111" level="INFO">remove_item_from_cart (self = &lt;CartPage.CartPage object at 0x000002682DED09A0&gt;, item = {'name': 'Sauce Labs Backpack', 'locator': 'sauce-labs-backpack', 'description': 'carry.allTheThings() with the sleek, streamlined Sly Pack that melds uncompromising style with unequaled laptop and tablet protection.', 'price': 29.99} )</msg>
<msg timestamp="20211109 17:03:34.111" level="INFO">Selector with placeholder: css=[data-test='remove-{placeholder}'], value: sauce-labs-backpack</msg>
<msg timestamp="20211109 17:03:34.111" level="INFO">Resolved Selector: css=[data-test='remove-sauce-labs-backpack']</msg>
<msg timestamp="20211109 17:03:34.111" level="INFO">Clicking button 'css=[data-test='remove-sauce-labs-backpack']'.</msg>
<msg timestamp="20211109 17:03:34.170" level="INFO">verify_item_in_cart (self = &lt;CartPage.CartPage object at 0x000002682DED09A0&gt;, item = {'name': 'Sauce Labs Backpack', 'locator': 'sauce-labs-backpack', 'description': 'carry.allTheThings() with the sleek, streamlined Sly Pack that melds uncompromising style with unequaled laptop and tablet protection.', 'price': 29.99}, quantity = '1', item_displayed = False )</msg>
<msg timestamp="20211109 17:03:34.170" level="INFO">Verifying item should not be displayed on cart page</msg>
<msg timestamp="20211109 17:03:34.170" level="INFO">Selector with placeholder: css=[data-test='remove-{placeholder}'], value: sauce-labs-backpack</msg>
<msg timestamp="20211109 17:03:34.170" level="INFO">Resolved Selector: css=[data-test='remove-sauce-labs-backpack']</msg>
<msg timestamp="20211109 17:03:39.230" level="INFO">Element 'css=[data-test='remove-sauce-labs-backpack']' did not exist.</msg>
<status status="PASS" starttime="20211109 17:03:34.111" endtime="20211109 17:03:39.230"/>
</kw>
<status status="PASS" starttime="20211109 17:03:34.110" endtime="20211109 17:03:39.230"/>
</kw>
<kw name="Navigate to inventory page" library="InventoryResources">
<kw name="Go To Inventory Page" library="InventoryPage.InventoryPage">
<doc>This method navigates user to inventory page if not already on inventory page</doc>
<msg timestamp="20211109 17:03:39.233" level="INFO">Current browser location: https://www.saucedemo.com/cart.html</msg>
<msg timestamp="20211109 17:03:39.233" level="INFO">Navigating to inventory page by clicking burger menu and then all items link</msg>
<msg timestamp="20211109 17:03:39.233" level="INFO">Clicking element 'css=#react-burger-menu-btn'.</msg>
<msg timestamp="20211109 17:03:39.263" level="INFO">Clicking link 'css=#inventory_sidebar_link'.</msg>
<status status="PASS" starttime="20211109 17:03:39.231" endtime="20211109 17:03:39.385"/>
</kw>
<status status="PASS" starttime="20211109 17:03:39.230" endtime="20211109 17:03:39.386"/>
</kw>
<kw name="Add item &quot;${backpack}&quot; to cart" library="InventoryResources" sourcename="Add item &quot;${item}&quot; to cart">
<kw name="Add Item To Cart" library="InventoryPage.InventoryPage">
<arg>${item}</arg>
<msg timestamp="20211109 17:03:39.387" level="INFO">add_item_to_cart (self = &lt;InventoryPage.InventoryPage object at 0x000002682DED1960&gt;, item = {'name': 'Sauce Labs Backpack', 'locator': 'sauce-labs-backpack', 'description': 'carry.allTheThings() with the sleek, streamlined Sly Pack that melds uncompromising style with unequaled laptop and tablet protection.', 'price': 29.99} )</msg>
<msg timestamp="20211109 17:03:39.391" level="INFO">Current browser location: https://www.saucedemo.com/inventory.html</msg>
<msg timestamp="20211109 17:03:39.392" level="INFO">User is already on inventory page</msg>
<msg timestamp="20211109 17:03:39.392" level="INFO">Selector with placeholder: css=button[data-test='add-to-cart-{placeholder}'], value: sauce-labs-backpack</msg>
<msg timestamp="20211109 17:03:39.392" level="INFO">Resolved Selector: css=button[data-test='add-to-cart-sauce-labs-backpack']</msg>
<msg timestamp="20211109 17:03:39.392" level="INFO">Clicking button 'css=button[data-test='add-to-cart-sauce-labs-backpack']'.</msg>
<msg timestamp="20211109 17:03:39.438" level="INFO">Selector with placeholder: css=button[data-test='remove-{placeholder}'], value: sauce-labs-backpack</msg>
<msg timestamp="20211109 17:03:39.438" level="INFO">Resolved Selector: css=button[data-test='remove-sauce-labs-backpack']</msg>
<msg timestamp="20211109 17:03:39.467" level="INFO">Element 'css=button[data-test='remove-sauce-labs-backpack']' is displayed.</msg>
<status status="PASS" starttime="20211109 17:03:39.386" endtime="20211109 17:03:39.467"/>
</kw>
<status status="PASS" starttime="20211109 17:03:39.386" endtime="20211109 17:03:39.468"/>
</kw>
<kw name="Add item &quot;${bikeLight}&quot; to cart" library="InventoryResources" sourcename="Add item &quot;${item}&quot; to cart">
<kw name="Add Item To Cart" library="InventoryPage.InventoryPage">
<arg>${item}</arg>
<msg timestamp="20211109 17:03:39.471" level="INFO">add_item_to_cart (self = &lt;InventoryPage.InventoryPage object at 0x000002682DED1960&gt;, item = {'name': 'Sauce Labs Bike Light', 'locator': 'sauce-labs-bike-light', 'description': "A red light isn't the desired state in testing but it sure helps when riding your bike at night. Water-resistant with 3 lighting modes, 1 AAA battery included.", 'price': 9.99} )</msg>
<msg timestamp="20211109 17:03:39.478" level="INFO">Current browser location: https://www.saucedemo.com/inventory.html</msg>
<msg timestamp="20211109 17:03:39.478" level="INFO">User is already on inventory page</msg>
<msg timestamp="20211109 17:03:39.479" level="INFO">Selector with placeholder: css=button[data-test='add-to-cart-{placeholder}'], value: sauce-labs-bike-light</msg>
<msg timestamp="20211109 17:03:39.479" level="INFO">Resolved Selector: css=button[data-test='add-to-cart-sauce-labs-bike-light']</msg>
<msg timestamp="20211109 17:03:39.479" level="INFO">Clicking button 'css=button[data-test='add-to-cart-sauce-labs-bike-light']'.</msg>
<msg timestamp="20211109 17:03:39.579" level="INFO">Selector with placeholder: css=button[data-test='remove-{placeholder}'], value: sauce-labs-bike-light</msg>
<msg timestamp="20211109 17:03:39.579" level="INFO">Resolved Selector: css=button[data-test='remove-sauce-labs-bike-light']</msg>
<msg timestamp="20211109 17:03:39.622" level="INFO">Element 'css=button[data-test='remove-sauce-labs-bike-light']' is displayed.</msg>
<status status="PASS" starttime="20211109 17:03:39.470" endtime="20211109 17:03:39.622"/>
</kw>
<status status="PASS" starttime="20211109 17:03:39.468" endtime="20211109 17:03:39.622"/>
</kw>
<kw name="Navigate to cart page" library="CartResources">
<kw name="Go To Cart Page" library="CartPage.CartPage">
<doc>This method navigates user to cart page if not already on cart page</doc>
<msg timestamp="20211109 17:03:39.627" level="INFO">Current browser location: https://www.saucedemo.com/inventory.html</msg>
<msg timestamp="20211109 17:03:39.627" level="INFO">Navigating to cart page by clicking cart link</msg>
<msg timestamp="20211109 17:03:39.627" level="INFO">Clicking element 'css=.shopping_cart_link'.</msg>
<status status="PASS" starttime="20211109 17:03:39.623" endtime="20211109 17:03:39.675"/>
</kw>
<status status="PASS" starttime="20211109 17:03:39.622" endtime="20211109 17:03:39.675"/>
</kw>
<kw name="Navigate to checkout page" library="CheckoutResources">
<kw name="Go To Checkout Page" library="CheckoutPage.CheckoutPage">
<doc>This method navigates user to checkout page if not already on checkout page</doc>
<msg timestamp="20211109 17:03:39.680" level="INFO">Current browser location: https://www.saucedemo.com/cart.html</msg>
<msg timestamp="20211109 17:03:39.680" level="INFO">Navigating to checkout page by clicking cart link and then checkout button</msg>
<msg timestamp="20211109 17:03:39.680" level="INFO">Clicking element 'css=.shopping_cart_link'.</msg>
<msg timestamp="20211109 17:03:39.731" level="INFO">Clicking element 'css=[data-test='checkout']'.</msg>
<status status="PASS" starttime="20211109 17:03:39.676" endtime="20211109 17:03:39.839"/>
</kw>
<status status="PASS" starttime="20211109 17:03:39.676" endtime="20211109 17:03:39.840"/>
</kw>
<kw name="Fill checkout information as firstname &quot;${first_name}&quot; lastname &quot;${last_name}&quot; and zipcode &quot;${zip_code}&quot;" library="CheckoutResources" sourcename="Fill checkout information as firstname &quot;${fn}&quot; lastname &quot;${ln}&quot; and zipcode &quot;${zc}&quot;">
<kw name="Fill Checkout Information" library="CheckoutPage.CheckoutPage">
<arg>${fn}</arg>
<arg>${ln}</arg>
<arg>${zc}</arg>
<msg timestamp="20211109 17:03:39.842" level="INFO">fill_checkout_information (self = &lt;CheckoutPage.CheckoutPage object at 0x000002682DF80490&gt;, firstname = 'Test', lastname = 'User', zipcode = '411017' )</msg>
<msg timestamp="20211109 17:03:39.842" level="INFO">Typing text 'Test' into text field 'css=[data-test='firstName']'.</msg>
<msg timestamp="20211109 17:03:39.968" level="INFO">Typing text 'User' into text field 'css=[data-test='lastName']'.</msg>
<msg timestamp="20211109 17:03:40.067" level="INFO">Typing text '411017' into text field 'css=[data-test='postalCode']'.</msg>
<msg timestamp="20211109 17:03:40.175" level="INFO">Clicking element 'css=[data-test='continue']'.</msg>
<status status="PASS" starttime="20211109 17:03:39.841" endtime="20211109 17:03:40.272"/>
</kw>
<status status="PASS" starttime="20211109 17:03:39.840" endtime="20211109 17:03:40.272"/>
</kw>
<kw name="Create List" library="BuiltIn">
<var>@{products}</var>
<arg>${backpack}</arg>
<arg>${bikeLight}</arg>
<doc>Returns a list containing given items.</doc>
<msg timestamp="20211109 17:03:40.272" level="INFO">@{products} = [ {'name': 'Sauce Labs Backpack', 'locator': 'sauce-labs-backpack', 'description': 'carry.allTheThings() with the sleek, streamlined Sly Pack that melds uncompromising style with unequaled laptop and ...</msg>
<status status="PASS" starttime="20211109 17:03:40.272" endtime="20211109 17:03:40.272"/>
</kw>
<kw name="Get From Dictionary" library="Collections">
<var>${product_name}</var>
<arg>${backpack}</arg>
<arg>name</arg>
<doc>Returns a value from the given ``dictionary`` based on the given ``key``.</doc>
<msg timestamp="20211109 17:03:40.273" level="INFO">${product_name} = Sauce Labs Backpack</msg>
<status status="PASS" starttime="20211109 17:03:40.273" endtime="20211109 17:03:40.273"/>
</kw>
<kw name="Get From Dictionary" library="Collections">
<var>${product_name2}</var>
<arg>${bikeLight}</arg>
<arg>name</arg>
<doc>Returns a value from the given ``dictionary`` based on the given ``key``.</doc>
<msg timestamp="20211109 17:03:40.273" level="INFO">${product_name2} = Sauce Labs Bike Light</msg>
<status status="PASS" starttime="20211109 17:03:40.273" endtime="20211109 17:03:40.273"/>
</kw>
<kw name="Create Dictionary" library="BuiltIn">
<var>&amp;{quantities}</var>
<arg>${product_name}</arg>
<arg>1</arg>
<arg>${product_name2}</arg>
<arg>1</arg>
<doc>Creates and returns a dictionary based on the given ``items``.</doc>
<msg timestamp="20211109 17:03:40.274" level="INFO">&amp;{quantities} = { Sauce Labs Backpack=1 | Sauce Labs Bike Light=1 }</msg>
<status status="PASS" starttime="20211109 17:03:40.274" endtime="20211109 17:03:40.274"/>
</kw>
<kw name="Verify details on checkout overview page for item &quot;${products}&quot; and quantity &quot;${quantities}&quot;" library="CheckoutResources" sourcename="Verify details on checkout overview page for item &quot;${item}&quot; and quantity &quot;${quantity}&quot;">
<kw name="Verify Details On Overview Page" library="CheckoutPage.CheckoutPage">
<arg>${item}</arg>
<arg>quantities=${quantity}</arg>
<msg timestamp="20211109 17:03:40.275" level="INFO">verify_details_on_overview_page (self = &lt;CheckoutPage.CheckoutPage object at 0x000002682DF80490&gt;, items = [{'name': 'Sauce Labs Backpack', 'locator': 'sauce-labs-backpack', 'description': 'carry.allTheThings() with the sleek, streamlined Sly Pack that melds uncompromising style with unequaled laptop and tablet protection.', 'price': 29.99}, {'name': 'Sauce Labs Bike Light', 'locator': 'sauce-labs-bike-light', 'description': "A red light isn't the desired state in testing but it sure helps when riding your bike at night. Water-resistant with 3 lighting modes, 1 AAA battery included.", 'price': 9.99}], quantities = {'Sauce Labs Backpack': '1', 'Sauce Labs Bike Light': '1'} )</msg>
<msg timestamp="20211109 17:03:40.275" level="INFO">Verifying item details for Sauce Labs Backpack item</msg>
<msg timestamp="20211109 17:03:40.275" level="INFO">Selector with placeholder: xpath=//div[text()='{placeholder}']/ancestor::div[@class='cart_item']//div[@class='inventory_item_name'], value: Sauce Labs Backpack</msg>
<msg timestamp="20211109 17:03:40.275" level="INFO">Resolved Selector: xpath=//div[text()='Sauce Labs Backpack']/ancestor::div[@class='cart_item']//div[@class='inventory_item_name']</msg>
<msg timestamp="20211109 17:03:40.299" level="INFO">Selector with placeholder: xpath=//div[text()='{placeholder}']/ancestor::div[@class='cart_item']//div[@class='inventory_item_desc'], value: Sauce Labs Backpack</msg>
<msg timestamp="20211109 17:03:40.299" level="INFO">Resolved Selector: xpath=//div[text()='Sauce Labs Backpack']/ancestor::div[@class='cart_item']//div[@class='inventory_item_desc']</msg>
<msg timestamp="20211109 17:03:40.323" level="INFO">Selector with placeholder: xpath=//div[text()='{placeholder}']/ancestor::div[@class='cart_item']//div[@class='inventory_item_price'], value: Sauce Labs Backpack</msg>
<msg timestamp="20211109 17:03:40.323" level="INFO">Resolved Selector: xpath=//div[text()='Sauce Labs Backpack']/ancestor::div[@class='cart_item']//div[@class='inventory_item_price']</msg>
<msg timestamp="20211109 17:03:40.347" level="INFO">Selector with placeholder: xpath=//div[text()='{placeholder}']/ancestor::div[@class='cart_item']//div[@class='cart_quantity'], value: Sauce Labs Backpack</msg>
<msg timestamp="20211109 17:03:40.348" level="INFO">Resolved Selector: xpath=//div[text()='Sauce Labs Backpack']/ancestor::div[@class='cart_item']//div[@class='cart_quantity']</msg>
<msg timestamp="20211109 17:03:40.374" level="INFO">Item Name: Actual: Sauce Labs Backpack, Expected: Sauce Labs Backpack</msg>
<msg timestamp="20211109 17:03:40.374" level="INFO">Item Description: Actual: carry.allTheThings() with the sleek, streamlined Sly Pack that melds uncompromising style with unequaled laptop and tablet protection., Expected: carry.allTheThings() with the sleek, streamlined Sly Pack that melds uncompromising style with unequaled laptop and tablet protection.</msg>
<msg timestamp="20211109 17:03:40.374" level="INFO">Item Price: Actual: $29.99, Expected: $29.99</msg>
<msg timestamp="20211109 17:03:40.374" level="INFO">Item Quantity: Actual: 1, Expected: 1</msg>
<msg timestamp="20211109 17:03:40.374" level="INFO">Verifying item details for Sauce Labs Bike Light item</msg>
<msg timestamp="20211109 17:03:40.374" level="INFO">Selector with placeholder: xpath=//div[text()='{placeholder}']/ancestor::div[@class='cart_item']//div[@class='inventory_item_name'], value: Sauce Labs Bike Light</msg>
<msg timestamp="20211109 17:03:40.375" level="INFO">Resolved Selector: xpath=//div[text()='Sauce Labs Bike Light']/ancestor::div[@class='cart_item']//div[@class='inventory_item_name']</msg>
<msg timestamp="20211109 17:03:40.400" level="INFO">Selector with placeholder: xpath=//div[text()='{placeholder}']/ancestor::div[@class='cart_item']//div[@class='inventory_item_desc'], value: Sauce Labs Bike Light</msg>
<msg timestamp="20211109 17:03:40.400" level="INFO">Resolved Selector: xpath=//div[text()='Sauce Labs Bike Light']/ancestor::div[@class='cart_item']//div[@class='inventory_item_desc']</msg>
<msg timestamp="20211109 17:03:40.426" level="INFO">Selector with placeholder: xpath=//div[text()='{placeholder}']/ancestor::div[@class='cart_item']//div[@class='inventory_item_price'], value: Sauce Labs Bike Light</msg>
<msg timestamp="20211109 17:03:40.426" level="INFO">Resolved Selector: xpath=//div[text()='Sauce Labs Bike Light']/ancestor::div[@class='cart_item']//div[@class='inventory_item_price']</msg>
<msg timestamp="20211109 17:03:40.459" level="INFO">Selector with placeholder: xpath=//div[text()='{placeholder}']/ancestor::div[@class='cart_item']//div[@class='cart_quantity'], value: Sauce Labs Bike Light</msg>
<msg timestamp="20211109 17:03:40.459" level="INFO">Resolved Selector: xpath=//div[text()='Sauce Labs Bike Light']/ancestor::div[@class='cart_item']//div[@class='cart_quantity']</msg>
<msg timestamp="20211109 17:03:40.485" level="INFO">Item Name: Actual: Sauce Labs Bike Light, Expected: Sauce Labs Bike Light</msg>
<msg timestamp="20211109 17:03:40.485" level="INFO">Item Description: Actual: A red light isn't the desired state in testing but it sure helps when riding your bike at night. Water-resistant with 3 lighting modes, 1 AAA battery included., Expected: A red light isn't the desired state in testing but it sure helps when riding your bike at night. Water-resistant with 3 lighting modes, 1 AAA battery included.</msg>
<msg timestamp="20211109 17:03:40.485" level="INFO">Item Price: Actual: $9.99, Expected: $9.99</msg>
<msg timestamp="20211109 17:03:40.485" level="INFO">Item Quantity: Actual: 1, Expected: 1</msg>
<msg timestamp="20211109 17:03:40.809" level="INFO">Payment Info Label: Actual: Payment Information:, Expected: Payment Information:</msg>
<msg timestamp="20211109 17:03:40.810" level="INFO">Payment Info Value: Actual: SauceCard #31337, Expected: SauceCard #31337</msg>
<msg timestamp="20211109 17:03:40.810" level="INFO">Shipping Info Label: Actual: Shipping Information:, Expected: Shipping Information:</msg>
<msg timestamp="20211109 17:03:40.810" level="INFO">Shipping Info Value: Actual: FREE PONY EXPRESS DELIVERY!, Expected: FREE PONY EXPRESS DELIVERY!</msg>
<msg timestamp="20211109 17:03:40.810" level="INFO">Item Total: Actual: Item total: $39.98, Expected: Item total: $39.98</msg>
<msg timestamp="20211109 17:03:40.810" level="INFO">Tax: Actual: Tax: $3.20, Expected: Tax: $3.20</msg>
<msg timestamp="20211109 17:03:40.810" level="INFO">Total: Actual: Total: $43.18, Expected: Total: $43.18</msg>
<status status="PASS" starttime="20211109 17:03:40.275" endtime="20211109 17:03:40.810"/>
</kw>
<status status="PASS" starttime="20211109 17:03:40.274" endtime="20211109 17:03:40.811"/>
</kw>
<kw name="Complete checkout and verify successful checkout" library="CheckoutResources">
<kw name="Complete Checkout And Verify" library="CheckoutPage.CheckoutPage">
<doc>This method completes the checkout and verifies successful checkout</doc>
<msg timestamp="20211109 17:03:40.812" level="INFO">Completing checkout by clicking on Finish button</msg>
<msg timestamp="20211109 17:03:40.812" level="INFO">Clicking element 'css=[data-test='finish']'.</msg>
<msg timestamp="20211109 17:03:40.977" level="INFO">Thank You Text: Actual: THANK YOU FOR YOUR ORDER, Expected: THANK YOU FOR YOUR ORDER</msg>
<msg timestamp="20211109 17:03:40.977" level="INFO">Complete Text: Actual: Your order has been dispatched, and will arrive just as fast as the pony can get there!, Expected: Your order has been dispatched, and will arrive just as fast as the pony can get there!</msg>
<msg timestamp="20211109 17:03:41.002" level="INFO">Element 'css=img.pony_express' is displayed.</msg>
<status status="PASS" starttime="20211109 17:03:40.812" endtime="20211109 17:03:41.002"/>
</kw>
<status status="PASS" starttime="20211109 17:03:40.811" endtime="20211109 17:03:41.003"/>
</kw>
<kw name="Navigate back to home from complete checkout page" library="CheckoutResources">
<kw name="Navigate To Home" library="CheckoutPage.CheckoutPage">
<doc>This method verifies Back Home button is displayed on order complete page
And on clicking user user is redirected to inventory page</doc>
<msg timestamp="20211109 17:03:41.031" level="INFO">Element 'css=[data-test='back-to-products']' is displayed.</msg>
<msg timestamp="20211109 17:03:41.031" level="INFO">Clicking element 'css=[data-test='back-to-products']'.</msg>
<status status="PASS" starttime="20211109 17:03:41.003" endtime="20211109 17:03:41.223"/>
</kw>
<status status="PASS" starttime="20211109 17:03:41.003" endtime="20211109 17:03:41.223"/>
</kw>
<kw name="User logs out from an application" library="LoginResources">
<kw name="Logout" library="LoginPage.LoginPage">
<doc>This method does logout from an application</doc>
<msg timestamp="20211109 17:03:41.231" level="INFO">Current browser location: https://www.saucedemo.com/inventory.html</msg>
<msg timestamp="20211109 17:03:41.231" level="INFO">User is logged in. Logging out...</msg>
<msg timestamp="20211109 17:03:41.232" level="INFO">Clicking element 'css=#react-burger-menu-btn'.</msg>
<msg timestamp="20211109 17:03:41.594" level="INFO">Clicking link 'css=#logout_sidebar_link'.</msg>
<status status="PASS" starttime="20211109 17:03:41.224" endtime="20211109 17:03:41.687"/>
</kw>
<status status="PASS" starttime="20211109 17:03:41.224" endtime="20211109 17:03:41.687"/>
</kw>
<kw name="Run Keyword If Test Failed" library="BuiltIn" type="TEARDOWN">
<arg>Capture Page Screenshot</arg>
<doc>Runs the given keyword with the given arguments, if the test failed.</doc>
<status status="PASS" starttime="20211109 17:03:41.687" endtime="20211109 17:03:41.688"/>
</kw>
<tag>regression</tag>
<tag>sanity</tag>
<status status="PASS" starttime="20211109 17:03:31.512" endtime="20211109 17:03:41.688"/>
</test>
<kw name="Close Browser" library="SeleniumLibrary" type="TEARDOWN">
<doc>Closes the current browser.</doc>
<status status="PASS" starttime="20211109 17:03:41.689" endtime="20211109 17:03:44.074"/>
</kw>
<doc>This suite verifies End to End workflow for application. Covers sanity of most of the functionalities</doc>
<status status="PASS" starttime="20211109 17:03:29.106" endtime="20211109 17:03:44.074"/>
</suite>
<suite id="s1-s2" name="LoginScenario" source="D:\UIAutomation\Tests\LoginScenario.robot">
<kw name="Open Browser with Login Page" library="LoginResources" type="SETUP">
<kw name="Set Selenium Implicit Wait" library="SeleniumLibrary">
<var>${orig_wait}</var>
<arg>5 seconds</arg>
<doc>Sets the implicit wait value used by Selenium.</doc>
<msg timestamp="20211109 17:03:44.080" level="INFO">${orig_wait} = 5 seconds</msg>
<status status="PASS" starttime="20211109 17:03:44.080" endtime="20211109 17:03:44.080"/>
</kw>
<kw name="Open Login Page" library="LoginPage.LoginPage">
<msg timestamp="20211109 17:03:44.080" level="INFO">open_login_page (self = &lt;LoginPage.LoginPage object at 0x000002682DED33D0&gt; )</msg>
<msg timestamp="20211109 17:03:44.081" level="INFO">Opening browser [gc] with URL [https://www.saucedemo.com/]</msg>
<msg timestamp="20211109 17:03:44.081" level="INFO">Opening browser 'gc' to base url 'https://www.saucedemo.com/'.</msg>
<status status="PASS" starttime="20211109 17:03:44.080" endtime="20211109 17:03:46.290"/>
</kw>
<kw name="Maximize Browser Window" library="SeleniumLibrary">
<doc>Maximizes current browser window.</doc>
<status status="PASS" starttime="20211109 17:03:46.290" endtime="20211109 17:03:46.442"/>
</kw>
<status status="PASS" starttime="20211109 17:03:44.080" endtime="20211109 17:03:46.443"/>
</kw>
<test id="s1-s2-t1" name="TC01: Verify user logs in successfully with valid credentials">
<kw name="Verify login functionality">
<arg>standard_user</arg>
<arg>secret_sauce</arg>
<arg>NA</arg>
<kw name="User with name &quot;${username}&quot; and password &quot;${password}&quot; tries to log in into application" library="LoginResources" sourcename="User with name &quot;${uname}&quot; and password &quot;${pwd}&quot; tries to log in into application">
<kw name="Login" library="LoginPage.LoginPage">
<arg>${uname}</arg>
<arg>${pwd}</arg>
<msg timestamp="20211109 17:03:46.447" level="INFO">login (self = &lt;LoginPage.LoginPage object at 0x000002682DE91ED0&gt;, username = 'standard_user', password = 'secret_sauce' )</msg>
<msg timestamp="20211109 17:03:46.717" level="INFO">Current page URL: https://www.saucedemo.com/</msg>
<msg timestamp="20211109 17:03:46.771" level="INFO">Typing text 'standard_user' into text field 'css:[data-test='username']'.</msg>
<msg timestamp="20211109 17:03:46.939" level="INFO">Typing password into text field 'css:[data-test='password']'.</msg>
<msg timestamp="20211109 17:03:47.018" level="INFO">Temporally setting log level to: NONE</msg>
<msg timestamp="20211109 17:03:47.107" level="INFO">Log level changed from NONE to INFO.</msg>
<msg timestamp="20211109 17:03:47.107" level="INFO">Clicking element 'css:[data-test='login-button']'.</msg>
<status status="PASS" starttime="20211109 17:03:46.446" endtime="20211109 17:03:47.296"/>
</kw>
<status status="PASS" starttime="20211109 17:03:46.445" endtime="20211109 17:03:47.296"/>
</kw>
<kw name="Run Keyword If" library="BuiltIn">
<arg>'${error}'=='NA'</arg>
<arg>Verify user logged in successfully</arg>
<arg>ELSE</arg>
<arg>Verify error "${error}" for user login</arg>
<doc>Runs the given keyword with the given arguments, if ``condition`` is true.</doc>
<kw name="Verify user logged in successfully" library="LoginResources">
<kw name="Verify Login" library="LoginPage.LoginPage">
<msg timestamp="20211109 17:03:47.298" level="INFO">verify_login (self = &lt;LoginPage.LoginPage object at 0x000002682DE91ED0&gt;, success = True, exp_error = '' )</msg>
<msg timestamp="20211109 17:03:47.298" level="INFO">Verifying successful user login</msg>
<msg timestamp="20211109 17:03:47.376" level="INFO">Header: Actual: PRODUCTS, Expected: PRODUCTS</msg>
<msg timestamp="20211109 17:03:47.377" level="INFO">User logged in successfully</msg>
<status status="PASS" starttime="20211109 17:03:47.298" endtime="20211109 17:03:47.377"/>
</kw>
<status status="PASS" starttime="20211109 17:03:47.297" endtime="20211109 17:03:47.377"/>
</kw>
<status status="PASS" starttime="20211109 17:03:47.296" endtime="20211109 17:03:47.377"/>
</kw>
<status status="PASS" starttime="20211109 17:03:46.444" endtime="20211109 17:03:47.377"/>
</kw>
<kw name="Run Keyword If Test Failed" library="BuiltIn" type="TEARDOWN">
<arg>Capture Page Screenshot</arg>
<doc>Runs the given keyword with the given arguments, if the test failed.</doc>
<status status="PASS" starttime="20211109 17:03:47.378" endtime="20211109 17:03:47.378"/>
</kw>
<tag>regression</tag>
<tag>sanity</tag>
<status status="PASS" starttime="20211109 17:03:46.443" endtime="20211109 17:03:47.379"/>
</test>
<test id="s1-s2-t2" name="TC02: Verify login error for locked_out_user">
<kw name="Verify login functionality">
<arg>locked_out_user</arg>
<arg>secret_sauce</arg>
<arg>locked_user</arg>
<kw name="User with name &quot;${username}&quot; and password &quot;${password}&quot; tries to log in into application" library="LoginResources" sourcename="User with name &quot;${uname}&quot; and password &quot;${pwd}&quot; tries to log in into application">
<kw name="Login" library="LoginPage.LoginPage">
<arg>${uname}</arg>
<arg>${pwd}</arg>
<msg timestamp="20211109 17:03:47.385" level="INFO">login (self = &lt;LoginPage.LoginPage object at 0x000002682DED00D0&gt;, username = 'locked_out_user', password = 'secret_sauce' )</msg>
<msg timestamp="20211109 17:03:47.655" level="INFO">Current page URL: https://www.saucedemo.com/inventory.html</msg>
<msg timestamp="20211109 17:03:47.656" level="INFO">Login page is not opened. Looks like user is already logged in. Logging out from application</msg>
<msg timestamp="20211109 17:03:47.656" level="INFO">Clicking element 'css=#react-burger-menu-btn'.</msg>
<msg timestamp="20211109 17:03:47.791" level="INFO">Clicking link 'css=#logout_sidebar_link'.</msg>
<msg timestamp="20211109 17:03:48.119" level="INFO">Typing text 'locked_out_user' into text field 'css:[data-test='username']'.</msg>
<msg timestamp="20211109 17:03:48.239" level="INFO">Typing password into text field 'css:[data-test='password']'.</msg>
<msg timestamp="20211109 17:03:48.282" level="INFO">Temporally setting log level to: NONE</msg>
<msg timestamp="20211109 17:03:48.351" level="INFO">Log level changed from NONE to INFO.</msg>
<msg timestamp="20211109 17:03:48.351" level="INFO">Clicking element 'css:[data-test='login-button']'.</msg>
<status status="PASS" starttime="20211109 17:03:47.384" endtime="20211109 17:03:48.415"/>
</kw>
<status status="PASS" starttime="20211109 17:03:47.382" endtime="20211109 17:03:48.415"/>
</kw>
<kw name="Run Keyword If" library="BuiltIn">
<arg>'${error}'=='NA'</arg>
<arg>Verify user logged in successfully</arg>
<arg>ELSE</arg>
<arg>Verify error "${error}" for user login</arg>
<doc>Runs the given keyword with the given arguments, if ``condition`` is true.</doc>
<kw name="Verify error &quot;locked_user&quot; for user login" library="LoginResources" sourcename="Verify error &quot;${error}&quot; for user login">
<kw name="Verify Login" library="LoginPage.LoginPage">
<arg>success=${False}</arg>
<arg>exp_error=${error}</arg>
<msg timestamp="20211109 17:03:48.417" level="INFO">verify_login (self = &lt;LoginPage.LoginPage object at 0x000002682DED00D0&gt;, success = False, exp_error = 'locked_user' )</msg>
<msg timestamp="20211109 17:03:48.417" level="INFO">Verifying failed user login</msg>
<msg timestamp="20211109 17:03:48.417" level="INFO">Expected Error Message: Epic sadface: Sorry, this user has been locked out.</msg>
<msg timestamp="20211109 17:03:48.448" level="INFO">Actual Error Message: Epic sadface: Sorry, this user has been locked out.</msg>
<msg timestamp="20211109 17:03:48.448" level="INFO">Successfully verified user login failure</msg>
<status status="PASS" starttime="20211109 17:03:48.416" endtime="20211109 17:03:48.448"/>
</kw>
<status status="PASS" starttime="20211109 17:03:48.416" endtime="20211109 17:03:48.449"/>
</kw>
<status status="PASS" starttime="20211109 17:03:48.415" endtime="20211109 17:03:48.449"/>
</kw>
<status status="PASS" starttime="20211109 17:03:47.381" endtime="20211109 17:03:48.449"/>
</kw>
<kw name="Run Keyword If Test Failed" library="BuiltIn" type="TEARDOWN">
<arg>Capture Page Screenshot</arg>
<doc>Runs the given keyword with the given arguments, if the test failed.</doc>
<status status="PASS" starttime="20211109 17:03:48.449" endtime="20211109 17:03:48.449"/>
</kw>
<tag>regression</tag>
<status status="PASS" starttime="20211109 17:03:47.380" endtime="20211109 17:03:48.449"/>
</test>
<test id="s1-s2-t3" name="TC03: Verify problem_user logs in successfully">
<kw name="Verify login functionality">
<arg>problem_user</arg>
<arg>secret_sauce</arg>
<arg>NA</arg>
<kw name="User with name &quot;${username}&quot; and password &quot;${password}&quot; tries to log in into application" library="LoginResources" sourcename="User with name &quot;${uname}&quot; and password &quot;${pwd}&quot; tries to log in into application">
<kw name="Login" library="LoginPage.LoginPage">
<arg>${uname}</arg>
<arg>${pwd}</arg>
<msg timestamp="20211109 17:03:48.452" level="INFO">login (self = &lt;LoginPage.LoginPage object at 0x000002682DF80D30&gt;, username = 'problem_user', password = 'secret_sauce' )</msg>
<msg timestamp="20211109 17:03:48.510" level="INFO">Current page URL: https://www.saucedemo.com/</msg>
<msg timestamp="20211109 17:03:48.537" level="INFO">Typing text 'problem_user' into text field 'css:[data-test='username']'.</msg>
<msg timestamp="20211109 17:03:48.643" level="INFO">Typing password into text field 'css:[data-test='password']'.</msg>
<msg timestamp="20211109 17:03:48.716" level="INFO">Temporally setting log level to: NONE</msg>
<msg timestamp="20211109 17:03:48.824" level="INFO">Log level changed from NONE to INFO.</msg>
<msg timestamp="20211109 17:03:48.824" level="INFO">Clicking element 'css:[data-test='login-button']'.</msg>
<status status="PASS" starttime="20211109 17:03:48.452" endtime="20211109 17:03:48.903"/>
</kw>
<status status="PASS" starttime="20211109 17:03:48.451" endtime="20211109 17:03:48.903"/>
</kw>
<kw name="Run Keyword If" library="BuiltIn">
<arg>'${error}'=='NA'</arg>
<arg>Verify user logged in successfully</arg>
<arg>ELSE</arg>
<arg>Verify error "${error}" for user login</arg>
<doc>Runs the given keyword with the given arguments, if ``condition`` is true.</doc>
<kw name="Verify user logged in successfully" library="LoginResources">
<kw name="Verify Login" library="LoginPage.LoginPage">
<msg timestamp="20211109 17:03:48.905" level="INFO">verify_login (self = &lt;LoginPage.LoginPage object at 0x000002682DF80D30&gt;, success = True, exp_error = '' )</msg>
<msg timestamp="20211109 17:03:48.905" level="INFO">Verifying successful user login</msg>
<msg timestamp="20211109 17:03:48.957" level="INFO">Header: Actual: PRODUCTS, Expected: PRODUCTS</msg>
<msg timestamp="20211109 17:03:48.957" level="INFO">User logged in successfully</msg>
<status status="PASS" starttime="20211109 17:03:48.905" endtime="20211109 17:03:48.958"/>
</kw>
<status status="PASS" starttime="20211109 17:03:48.904" endtime="20211109 17:03:48.958"/>
</kw>
<status status="PASS" starttime="20211109 17:03:48.903" endtime="20211109 17:03:48.958"/>
</kw>
<status status="PASS" starttime="20211109 17:03:48.450" endtime="20211109 17:03:48.958"/>
</kw>
<kw name="Run Keyword If Test Failed" library="BuiltIn" type="TEARDOWN">
<arg>Capture Page Screenshot</arg>
<doc>Runs the given keyword with the given arguments, if the test failed.</doc>
<status status="PASS" starttime="20211109 17:03:48.958" endtime="20211109 17:03:48.959"/>
</kw>
<tag>regression</tag>
<status status="PASS" starttime="20211109 17:03:48.450" endtime="20211109 17:03:48.959"/>
</test>
<test id="s1-s2-t4" name="TC04: Verify performance_glitch user logs in successfully">
<kw name="Verify login functionality">
<arg>performance_glitch_user</arg>
<arg>secret_sauce</arg>
<arg>NA</arg>
<kw name="User with name &quot;${username}&quot; and password &quot;${password}&quot; tries to log in into application" library="LoginResources" sourcename="User with name &quot;${uname}&quot; and password &quot;${pwd}&quot; tries to log in into application">
<kw name="Login" library="LoginPage.LoginPage">
<arg>${uname}</arg>
<arg>${pwd}</arg>
<msg timestamp="20211109 17:03:48.961" level="INFO">login (self = &lt;LoginPage.LoginPage object at 0x000002682DE92140&gt;, username = 'performance_glitch_user', password = 'secret_sauce' )</msg>
<msg timestamp="20211109 17:03:49.084" level="INFO">Current page URL: https://www.saucedemo.com/inventory.html</msg>
<msg timestamp="20211109 17:03:49.084" level="INFO">Login page is not opened. Looks like user is already logged in. Logging out from application</msg>
<msg timestamp="20211109 17:03:49.085" level="INFO">Clicking element 'css=#react-burger-menu-btn'.</msg>
<msg timestamp="20211109 17:03:49.155" level="INFO">Clicking link 'css=#logout_sidebar_link'.</msg>
<msg timestamp="20211109 17:03:49.313" level="INFO">Typing text 'performance_glitch_user' into text field 'css:[data-test='username']'.</msg>
<msg timestamp="20211109 17:03:49.472" level="INFO">Typing password into text field 'css:[data-test='password']'.</msg>
<msg timestamp="20211109 17:03:49.520" level="INFO">Temporally setting log level to: NONE</msg>
<msg timestamp="20211109 17:03:49.583" level="INFO">Log level changed from NONE to INFO.</msg>
<msg timestamp="20211109 17:03:49.583" level="INFO">Clicking element 'css:[data-test='login-button']'.</msg>
<status status="PASS" starttime="20211109 17:03:48.961" endtime="20211109 17:03:54.651"/>
</kw>
<status status="PASS" starttime="20211109 17:03:48.960" endtime="20211109 17:03:54.652"/>
</kw>
<kw name="Run Keyword If" library="BuiltIn">
<arg>'${error}'=='NA'</arg>
<arg>Verify user logged in successfully</arg>
<arg>ELSE</arg>
<arg>Verify error "${error}" for user login</arg>
<doc>Runs the given keyword with the given arguments, if ``condition`` is true.</doc>
<kw name="Verify user logged in successfully" library="LoginResources">
<kw name="Verify Login" library="LoginPage.LoginPage">
<msg timestamp="20211109 17:03:54.653" level="INFO">verify_login (self = &lt;LoginPage.LoginPage object at 0x000002682DE92140&gt;, success = True, exp_error = '' )</msg>
<msg timestamp="20211109 17:03:54.653" level="INFO">Verifying successful user login</msg>
<msg timestamp="20211109 17:03:54.890" level="INFO">Header: Actual: PRODUCTS, Expected: PRODUCTS</msg>
<msg timestamp="20211109 17:03:54.890" level="INFO">User logged in successfully</msg>
<status status="PASS" starttime="20211109 17:03:54.653" endtime="20211109 17:03:54.890"/>
</kw>
<status status="PASS" starttime="20211109 17:03:54.652" endtime="20211109 17:03:54.890"/>
</kw>
<status status="PASS" starttime="20211109 17:03:54.652" endtime="20211109 17:03:54.891"/>
</kw>
<status status="PASS" starttime="20211109 17:03:48.960" endtime="20211109 17:03:54.891"/>
</kw>
<kw name="Run Keyword If Test Failed" library="BuiltIn" type="TEARDOWN">
<arg>Capture Page Screenshot</arg>
<doc>Runs the given keyword with the given arguments, if the test failed.</doc>
<status status="PASS" starttime="20211109 17:03:54.891" endtime="20211109 17:03:54.891"/>
</kw>
<tag>regression</tag>
<status status="PASS" starttime="20211109 17:03:48.959" endtime="20211109 17:03:54.891"/>
</test>
<test id="s1-s2-t5" name="TC05: Verify user login fails with invalid credentails">
<kw name="Verify login functionality">
<arg>standard_user</arg>
<arg>secret_sauce1</arg>
<arg>invalid_credentials</arg>
<kw name="User with name &quot;${username}&quot; and password &quot;${password}&quot; tries to log in into application" library="LoginResources" sourcename="User with name &quot;${uname}&quot; and password &quot;${pwd}&quot; tries to log in into application">
<kw name="Login" library="LoginPage.LoginPage">
<arg>${uname}</arg>
<arg>${pwd}</arg>
<msg timestamp="20211109 17:03:54.893" level="INFO">login (self = &lt;LoginPage.LoginPage object at 0x000002682DECBCA0&gt;, username = 'standard_user', password = 'secret_sauce1' )</msg>
<msg timestamp="20211109 17:04:00.222" level="INFO">Current page URL: https://www.saucedemo.com/inventory.html</msg>
<msg timestamp="20211109 17:04:00.222" level="INFO">Login page is not opened. Looks like user is already logged in. Logging out from application</msg>
<msg timestamp="20211109 17:04:00.223" level="INFO">Clicking element 'css=#react-burger-menu-btn'.</msg>
<msg timestamp="20211109 17:04:00.305" level="INFO">Clicking link 'css=#logout_sidebar_link'.</msg>
<msg timestamp="20211109 17:04:00.391" level="INFO">Typing text 'standard_user' into text field 'css:[data-test='username']'.</msg>
<msg timestamp="20211109 17:04:00.542" level="INFO">Typing password into text field 'css:[data-test='password']'.</msg>
<msg timestamp="20211109 17:04:00.596" level="INFO">Temporally setting log level to: NONE</msg>
<msg timestamp="20211109 17:04:00.674" level="INFO">Log level changed from NONE to INFO.</msg>
<msg timestamp="20211109 17:04:00.675" level="INFO">Clicking element 'css:[data-test='login-button']'.</msg>
<status status="PASS" starttime="20211109 17:03:54.893" endtime="20211109 17:04:00.730"/>
</kw>
<status status="PASS" starttime="20211109 17:03:54.892" endtime="20211109 17:04:00.731"/>
</kw>
<kw name="Run Keyword If" library="BuiltIn">
<arg>'${error}'=='NA'</arg>
<arg>Verify user logged in successfully</arg>
<arg>ELSE</arg>
<arg>Verify error "${error}" for user login</arg>
<doc>Runs the given keyword with the given arguments, if ``condition`` is true.</doc>
<kw name="Verify error &quot;invalid_credentials&quot; for user login" library="LoginResources" sourcename="Verify error &quot;${error}&quot; for user login">
<kw name="Verify Login" library="LoginPage.LoginPage">
<arg>success=${False}</arg>
<arg>exp_error=${error}</arg>
<msg timestamp="20211109 17:04:00.732" level="INFO">verify_login (self = &lt;LoginPage.LoginPage object at 0x000002682DECBCA0&gt;, success = False, exp_error = 'invalid_credentials' )</msg>
<msg timestamp="20211109 17:04:00.732" level="INFO">Verifying failed user login</msg>
<msg timestamp="20211109 17:04:00.732" level="INFO">Expected Error Message: Epic sadface: Username and password do not match any user in this service</msg>
<msg timestamp="20211109 17:04:00.756" level="INFO">Actual Error Message: Epic sadface: Username and password do not match any user in this service</msg>
<msg timestamp="20211109 17:04:00.756" level="INFO">Successfully verified user login failure</msg>
<status status="PASS" starttime="20211109 17:04:00.732" endtime="20211109 17:04:00.756"/>
</kw>
<status status="PASS" starttime="20211109 17:04:00.731" endtime="20211109 17:04:00.756"/>
</kw>
<status status="PASS" starttime="20211109 17:04:00.731" endtime="20211109 17:04:00.756"/>
</kw>
<status status="PASS" starttime="20211109 17:03:54.892" endtime="20211109 17:04:00.757"/>
</kw>
<kw name="Run Keyword If Test Failed" library="BuiltIn" type="TEARDOWN">
<arg>Capture Page Screenshot</arg>
<doc>Runs the given keyword with the given arguments, if the test failed.</doc>
<status status="PASS" starttime="20211109 17:04:00.757" endtime="20211109 17:04:00.757"/>
</kw>
<tag>regression</tag>
<tag>sanity</tag>
<status status="PASS" starttime="20211109 17:03:54.892" endtime="20211109 17:04:00.757"/>
</test>
<test id="s1-s2-t6" name="TC07: Verify error when user does not enter username">
<kw name="Verify login functionality">
<arg>${None}</arg>
<arg>secret_sauce</arg>
<arg>no_username</arg>
<kw name="User with name &quot;${username}&quot; and password &quot;${password}&quot; tries to log in into application" library="LoginResources" sourcename="User with name &quot;${uname}&quot; and password &quot;${pwd}&quot; tries to log in into application">
<kw name="Login" library="LoginPage.LoginPage">
<arg>${uname}</arg>
<arg>${pwd}</arg>
<msg timestamp="20211109 17:04:00.760" level="INFO">login (self = &lt;LoginPage.LoginPage object at 0x000002682DF81810&gt;, username = None, password = 'secret_sauce' )</msg>
<msg timestamp="20211109 17:04:00.815" level="INFO">Current page URL: https://www.saucedemo.com/</msg>
<msg timestamp="20211109 17:04:00.845" level="INFO">Typing password into text field 'css:[data-test='password']'.</msg>
<msg timestamp="20211109 17:04:00.893" level="INFO">Temporally setting log level to: NONE</msg>
<msg timestamp="20211109 17:04:00.961" level="INFO">Log level changed from NONE to INFO.</msg>
<msg timestamp="20211109 17:04:00.961" level="INFO">Clicking element 'css:[data-test='login-button']'.</msg>
<status status="PASS" starttime="20211109 17:04:00.759" endtime="20211109 17:04:01.065"/>
</kw>
<status status="PASS" starttime="20211109 17:04:00.759" endtime="20211109 17:04:01.065"/>
</kw>
<kw name="Run Keyword If" library="BuiltIn">
<arg>'${error}'=='NA'</arg>
<arg>Verify user logged in successfully</arg>
<arg>ELSE</arg>
<arg>Verify error "${error}" for user login</arg>
<doc>Runs the given keyword with the given arguments, if ``condition`` is true.</doc>
<kw name="Verify error &quot;no_username&quot; for user login" library="LoginResources" sourcename="Verify error &quot;${error}&quot; for user login">
<kw name="Verify Login" library="LoginPage.LoginPage">
<arg>success=${False}</arg>
<arg>exp_error=${error}</arg>
<msg timestamp="20211109 17:04:01.067" level="INFO">verify_login (self = &lt;LoginPage.LoginPage object at 0x000002682DF81810&gt;, success = False, exp_error = 'no_username' )</msg>
<msg timestamp="20211109 17:04:01.067" level="INFO">Verifying failed user login</msg>
<msg timestamp="20211109 17:04:01.067" level="INFO">Expected Error Message: Epic sadface: Username is required</msg>
<msg timestamp="20211109 17:04:01.104" level="INFO">Actual Error Message: Epic sadface: Username is required</msg>
<msg timestamp="20211109 17:04:01.104" level="INFO">Successfully verified user login failure</msg>
<status status="PASS" starttime="20211109 17:04:01.066" endtime="20211109 17:04:01.104"/>
</kw>
<status status="PASS" starttime="20211109 17:04:01.066" endtime="20211109 17:04:01.104"/>
</kw>
<status status="PASS" starttime="20211109 17:04:01.065" endtime="20211109 17:04:01.104"/>
</kw>
<status status="PASS" starttime="20211109 17:04:00.758" endtime="20211109 17:04:01.104"/>
</kw>
<kw name="Run Keyword If Test Failed" library="BuiltIn" type="TEARDOWN">
<arg>Capture Page Screenshot</arg>
<doc>Runs the given keyword with the given arguments, if the test failed.</doc>
<status status="PASS" starttime="20211109 17:04:01.105" endtime="20211109 17:04:01.105"/>
</kw>
<tag>regression</tag>
<tag>sanity</tag>
<status status="PASS" starttime="20211109 17:04:00.758" endtime="20211109 17:04:01.105"/>
</test>
<test id="s1-s2-t7" name="TC08: Verify error when user does not enter password">
<kw name="Verify login functionality">
<arg>standard_user</arg>
<arg>${None}</arg>
<arg>no_password</arg>
<kw name="User with name &quot;${username}&quot; and password &quot;${password}&quot; tries to log in into application" library="LoginResources" sourcename="User with name &quot;${uname}&quot; and password &quot;${pwd}&quot; tries to log in into application">
<kw name="Login" library="LoginPage.LoginPage">
<arg>${uname}</arg>
<arg>${pwd}</arg>
<msg timestamp="20211109 17:04:01.109" level="INFO">login (self = &lt;LoginPage.LoginPage object at 0x000002682DF82AD0&gt;, username = 'standard_user', password = None )</msg>
<msg timestamp="20211109 17:04:01.162" level="INFO">Current page URL: https://www.saucedemo.com/</msg>
<msg timestamp="20211109 17:04:01.186" level="INFO">Typing text 'standard_user' into text field 'css:[data-test='username']'.</msg>
<msg timestamp="20211109 17:04:01.282" level="INFO">Clicking element 'css:[data-test='login-button']'.</msg>
<status status="PASS" starttime="20211109 17:04:01.108" endtime="20211109 17:04:01.373"/>
</kw>
<status status="PASS" starttime="20211109 17:04:01.107" endtime="20211109 17:04:01.374"/>
</kw>
<kw name="Run Keyword If" library="BuiltIn">
<arg>'${error}'=='NA'</arg>
<arg>Verify user logged in successfully</arg>
<arg>ELSE</arg>
<arg>Verify error "${error}" for user login</arg>
<doc>Runs the given keyword with the given arguments, if ``condition`` is true.</doc>
<kw name="Verify error &quot;no_password&quot; for user login" library="LoginResources" sourcename="Verify error &quot;${error}&quot; for user login">
<kw name="Verify Login" library="LoginPage.LoginPage">
<arg>success=${False}</arg>
<arg>exp_error=${error}</arg>
<msg timestamp="20211109 17:04:01.377" level="INFO">verify_login (self = &lt;LoginPage.LoginPage object at 0x000002682DF82AD0&gt;, success = False, exp_error = 'no_password' )</msg>
<msg timestamp="20211109 17:04:01.377" level="INFO">Verifying failed user login</msg>
<msg timestamp="20211109 17:04:01.377" level="INFO">Expected Error Message: Epic sadface: Password is required</msg>
<msg timestamp="20211109 17:04:01.432" level="INFO">Actual Error Message: Epic sadface: Password is required</msg>
<msg timestamp="20211109 17:04:01.432" level="INFO">Successfully verified user login failure</msg>
<status status="PASS" starttime="20211109 17:04:01.376" endtime="20211109 17:04:01.432"/>
</kw>
<status status="PASS" starttime="20211109 17:04:01.375" endtime="20211109 17:04:01.432"/>
</kw>
<status status="PASS" starttime="20211109 17:04:01.374" endtime="20211109 17:04:01.432"/>
</kw>
<status status="PASS" starttime="20211109 17:04:01.106" endtime="20211109 17:04:01.432"/>
</kw>
<kw name="Run Keyword If Test Failed" library="BuiltIn" type="TEARDOWN">
<arg>Capture Page Screenshot</arg>
<doc>Runs the given keyword with the given arguments, if the test failed.</doc>
<status status="PASS" starttime="20211109 17:04:01.433" endtime="20211109 17:04:01.433"/>
</kw>
<tag>regression</tag>
<tag>sanity</tag>
<status status="PASS" starttime="20211109 17:04:01.106" endtime="20211109 17:04:01.433"/>
</test>
<kw name="Close Browser" library="SeleniumLibrary" type="TEARDOWN">
<doc>Closes the current browser.</doc>
<status status="PASS" starttime="20211109 17:04:01.435" endtime="20211109 17:04:03.861"/>
</kw>
<doc>This suite verifies successful as well as failure login scenarios using Data Driven Testing</doc>
<status status="PASS" starttime="20211109 17:03:44.075" endtime="20211109 17:04:03.861"/>
</suite>
<status status="PASS" starttime="20211109 17:03:29.074" endtime="20211109 17:04:03.868"/>
</suite>
<statistics>
<total>
<stat pass="8" fail="0" skip="0">All Tests</stat>
</total>
<tag>
<stat pass="8" fail="0" skip="0">regression</stat>
<stat pass="5" fail="0" skip="0">sanity</stat>
</tag>
<suite>
<stat pass="8" fail="0" skip="0" id="s1" name="Tests">Tests</stat>
<stat pass="1" fail="0" skip="0" id="s1-s1" name="EndToEndScenario">Tests.EndToEndScenario</stat>
<stat pass="7" fail="0" skip="0" id="s1-s2" name="LoginScenario">Tests.LoginScenario</stat>
</suite>
</statistics>
<errors>
</errors>
</robot>
